[debug] [2023-12-13T20:10:30.972Z] ----------------------------------------------------------------------
[debug] [2023-12-13T20:10:30.976Z] Command:       C:\Program Files\nodejs\node.exe C:\Users\marce\AppData\Roaming\npm\node_modules\firebase-tools\lib\bin\firebase.js projects:list
[debug] [2023-12-13T20:10:30.977Z] CLI Version:   13.0.1
[debug] [2023-12-13T20:10:30.978Z] Platform:      win32
[debug] [2023-12-13T20:10:30.978Z] Node Version:  v18.17.0
[debug] [2023-12-13T20:10:30.981Z] Time:          Wed Dec 13 2023 20:10:30 GMT+0000 (Horário do Meridiano de Greenwich)
[debug] [2023-12-13T20:10:30.981Z] ----------------------------------------------------------------------
[debug] 
[debug] [2023-12-13T20:10:30.993Z] > command requires scopes: ["email","openid","https://www.googleapis.com/auth/cloudplatformprojects.readonly","https://www.googleapis.com/auth/firebase","https://www.googleapis.com/auth/cloud-platform"]
[debug] [2023-12-13T20:10:30.994Z] > authorizing via signed-in user (marceloleite.mt@gmail.com)
[debug] [2023-12-13T20:10:31.001Z] > refreshing access token with scopes: []
[debug] [2023-12-13T20:10:31.004Z] >>> [apiv2][query] POST https://www.googleapis.com/oauth2/v3/token [none]
[debug] [2023-12-13T20:10:31.004Z] >>> [apiv2][body] POST https://www.googleapis.com/oauth2/v3/token [omitted]
[debug] [2023-12-13T20:10:31.241Z] <<< [apiv2][status] POST https://www.googleapis.com/oauth2/v3/token 400
[debug] [2023-12-13T20:10:31.241Z] <<< [apiv2][body] POST https://www.googleapis.com/oauth2/v3/token [omitted]
[debug] [2023-12-13T20:10:31.244Z] >>> [apiv2][query] GET https://firebase.googleapis.com/v1beta1/projects pageSize=1000
[debug] [2023-12-13T20:10:31.374Z] <<< [apiv2][status] GET https://firebase.googleapis.com/v1beta1/projects 401
[debug] [2023-12-13T20:10:31.374Z] <<< [apiv2][body] GET https://firebase.googleapis.com/v1beta1/projects [omitted]
[debug] [2023-12-13T20:10:31.376Z] HTTP Error: 401, Request had invalid authentication credentials. Expected OAuth 2 access token, login cookie or other valid authentication credential. See https://developers.google.com/identity/sign-in/web/devconsole-project.
[debug] [2023-12-13T20:10:31.494Z] FirebaseError: HTTP Error: 401, Request had invalid authentication credentials. Expected OAuth 2 access token, login cookie or other valid authentication credential. See https://developers.google.com/identity/sign-in/web/devconsole-project.
    at responseToError (C:\Users\marce\AppData\Roaming\npm\node_modules\firebase-tools\lib\responseToError.js:49:12)
    at RetryOperation._fn (C:\Users\marce\AppData\Roaming\npm\node_modules\firebase-tools\lib\apiv2.js:292:77)
    at process.processTicksAndRejections (node:internal/process/task_queues:95:5)
[error] 
[error] Error: Failed to list Firebase projects. See firebase-debug.log for more info.
[debug] [2023-12-13T20:10:50.477Z] ----------------------------------------------------------------------
[debug] [2023-12-13T20:10:50.481Z] Command:       C:\Program Files\nodejs\node.exe C:\Users\marce\AppData\Roaming\npm\node_modules\firebase-tools\lib\bin\firebase.js projects:list
[debug] [2023-12-13T20:10:50.481Z] CLI Version:   13.0.1
[debug] [2023-12-13T20:10:50.482Z] Platform:      win32
[debug] [2023-12-13T20:10:50.482Z] Node Version:  v18.17.0
[debug] [2023-12-13T20:10:50.484Z] Time:          Wed Dec 13 2023 20:10:50 GMT+0000 (Horário do Meridiano de Greenwich)
[debug] [2023-12-13T20:10:50.484Z] ----------------------------------------------------------------------
[debug] 
[debug] [2023-12-13T20:10:50.501Z] > command requires scopes: ["email","openid","https://www.googleapis.com/auth/cloudplatformprojects.readonly","https://www.googleapis.com/auth/firebase","https://www.googleapis.com/auth/cloud-platform"]
[debug] [2023-12-13T20:10:50.502Z] > authorizing via signed-in user (marceloleite.mt@gmail.com)
[debug] [2023-12-13T20:10:50.511Z] > refreshing access token with scopes: []
[debug] [2023-12-13T20:10:50.514Z] >>> [apiv2][query] POST https://www.googleapis.com/oauth2/v3/token [none]
[debug] [2023-12-13T20:10:50.514Z] >>> [apiv2][body] POST https://www.googleapis.com/oauth2/v3/token [omitted]
[debug] [2023-12-13T20:10:50.776Z] <<< [apiv2][status] POST https://www.googleapis.com/oauth2/v3/token 400
[debug] [2023-12-13T20:10:50.777Z] <<< [apiv2][body] POST https://www.googleapis.com/oauth2/v3/token [omitted]
[debug] [2023-12-13T20:10:50.779Z] >>> [apiv2][query] GET https://firebase.googleapis.com/v1beta1/projects pageSize=1000
[debug] [2023-12-13T20:10:50.888Z] <<< [apiv2][status] GET https://firebase.googleapis.com/v1beta1/projects 401
[debug] [2023-12-13T20:10:50.889Z] <<< [apiv2][body] GET https://firebase.googleapis.com/v1beta1/projects [omitted]
[debug] [2023-12-13T20:10:50.891Z] HTTP Error: 401, Request had invalid authentication credentials. Expected OAuth 2 access token, login cookie or other valid authentication credential. See https://developers.google.com/identity/sign-in/web/devconsole-project.
[debug] [2023-12-13T20:10:51.007Z] FirebaseError: HTTP Error: 401, Request had invalid authentication credentials. Expected OAuth 2 access token, login cookie or other valid authentication credential. See https://developers.google.com/identity/sign-in/web/devconsole-project.
    at responseToError (C:\Users\marce\AppData\Roaming\npm\node_modules\firebase-tools\lib\responseToError.js:49:12)
    at RetryOperation._fn (C:\Users\marce\AppData\Roaming\npm\node_modules\firebase-tools\lib\apiv2.js:292:77)
    at process.processTicksAndRejections (node:internal/process/task_queues:95:5)
[error] 
[error] Error: Failed to list Firebase projects. See firebase-debug.log for more info.
[debug] [2023-12-13T20:25:14.230Z] ----------------------------------------------------------------------
[debug] [2023-12-13T20:25:14.232Z] Command:       C:\Program Files\nodejs\node.exe C:\Users\marce\AppData\Roaming\npm\node_modules\firebase-tools\lib\bin\firebase.js projects:list
[debug] [2023-12-13T20:25:14.233Z] CLI Version:   13.0.1
[debug] [2023-12-13T20:25:14.233Z] Platform:      win32
[debug] [2023-12-13T20:25:14.234Z] Node Version:  v18.17.0
[debug] [2023-12-13T20:25:14.235Z] Time:          Wed Dec 13 2023 20:25:14 GMT+0000 (Horário do Meridiano de Greenwich)
[debug] [2023-12-13T20:25:14.235Z] ----------------------------------------------------------------------
[debug] 
[debug] [2023-12-13T20:25:14.337Z] > command requires scopes: ["email","openid","https://www.googleapis.com/auth/cloudplatformprojects.readonly","https://www.googleapis.com/auth/firebase","https://www.googleapis.com/auth/cloud-platform"]
[debug] [2023-12-13T20:25:14.338Z] > authorizing via signed-in user (marceloleite.mt@gmail.com)
[debug] [2023-12-13T20:25:14.345Z] > refreshing access token with scopes: []
[debug] [2023-12-13T20:25:14.348Z] >>> [apiv2][query] POST https://www.googleapis.com/oauth2/v3/token [none]
[debug] [2023-12-13T20:25:14.348Z] >>> [apiv2][body] POST https://www.googleapis.com/oauth2/v3/token [omitted]
[debug] [2023-12-13T20:25:14.594Z] <<< [apiv2][status] POST https://www.googleapis.com/oauth2/v3/token 400
[debug] [2023-12-13T20:25:14.595Z] <<< [apiv2][body] POST https://www.googleapis.com/oauth2/v3/token [omitted]
[debug] [2023-12-13T20:25:14.597Z] >>> [apiv2][query] GET https://firebase.googleapis.com/v1beta1/projects pageSize=1000
[debug] [2023-12-13T20:25:14.717Z] <<< [apiv2][status] GET https://firebase.googleapis.com/v1beta1/projects 401
[debug] [2023-12-13T20:25:14.718Z] <<< [apiv2][body] GET https://firebase.googleapis.com/v1beta1/projects [omitted]
[debug] [2023-12-13T20:25:14.719Z] HTTP Error: 401, Request had invalid authentication credentials. Expected OAuth 2 access token, login cookie or other valid authentication credential. See https://developers.google.com/identity/sign-in/web/devconsole-project.
[debug] [2023-12-13T20:25:14.830Z] FirebaseError: HTTP Error: 401, Request had invalid authentication credentials. Expected OAuth 2 access token, login cookie or other valid authentication credential. See https://developers.google.com/identity/sign-in/web/devconsole-project.
    at responseToError (C:\Users\marce\AppData\Roaming\npm\node_modules\firebase-tools\lib\responseToError.js:49:12)
    at RetryOperation._fn (C:\Users\marce\AppData\Roaming\npm\node_modules\firebase-tools\lib\apiv2.js:292:77)
    at process.processTicksAndRejections (node:internal/process/task_queues:95:5)
[error] 
[error] Error: Failed to list Firebase projects. See firebase-debug.log for more info.
